<?xml version="1.0" encoding="UTF-8"?>
<!-- Generated by org.testng.reporters.JUnitReportReporter -->
<testsuite hostname="Infva2100" failures="0" tests="4" name="testcases.TestCase4" time="4.122" errors="0" timestamp="2020-12-27T14:34:44 IST" skipped="0">
  <testcase classname="testcases.TestCase4" name="testCase1" time="0.511"/>
  <system-out/>
  <testcase classname="testcases.TestCase4" name="testCase3" time="0.226"/>
  <system-out/>
  <testcase classname="testcases.TestCase4" name="TestCase2" time="0.362"/>
  <system-out/>
  <testcase classname="testcases.TestCase4" name="testCase4" time="3.023"/>
  <system-out/>
</testsuite> <!-- testcases.TestCase4 -->
