<?xml version="1.0" encoding="UTF-8"?>
<!-- Generated by org.testng.reporters.JUnitReportReporter -->
<testsuite hostname="Infva2100" failures="0" tests="4" name="testcases.Assignment" time="7.883" errors="0" timestamp="2020-12-27T23:26:28 IST" skipped="0">
  <testcase classname="testcases.Assignment" name="testCase3" time="0.522"/>
  <system-out/>
  <testcase classname="testcases.Assignment" name="testCase4" time="5.233"/>
  <system-out/>
  <testcase classname="testcases.Assignment" name="testCase1" time="1.341"/>
  <system-out/>
  <testcase classname="testcases.Assignment" name="testCase2" time="0.787"/>
  <system-out/>
</testsuite> <!-- testcases.Assignment -->
