<?xml version="1.0" encoding="UTF-8"?>
<!-- Generated by org.testng.reporters.JUnitReportReporter -->
<testsuite hostname="Infva2100" failures="0" tests="4" name="testcases.Assignment_TC01toTC04" time="11.287" errors="0" timestamp="2020-12-28T00:32:43 IST" skipped="0">
  <testcase classname="testcases.Assignment_TC01toTC04" name="testCase4" time="7.712"/>
  <system-out/>
  <testcase classname="testcases.Assignment_TC01toTC04" name="testCase2" time="0.979"/>
  <system-out/>
  <testcase classname="testcases.Assignment_TC01toTC04" name="testCase3" time="0.652"/>
  <system-out/>
  <testcase classname="testcases.Assignment_TC01toTC04" name="testCase1" time="1.944"/>
  <system-out/>
</testsuite> <!-- testcases.Assignment_TC01toTC04 -->
